<?xml version="1.0" encoding="UTF-8"?>
<!-- Generated by org.testng.reporters.JUnitXMLReporter -->
<testsuite ignored="0" hostname="DESKTOP-9RLQ615" failures="1" tests="1" name="Test" time="16.134" errors="0" timestamp="2020-11-15T07:45:42 IST">
  <testcase classname="banking.bankmyclass.BankingTest" name="f" time="0.0">
    <failure type="org.testng.TestNGException" message="
Cannot inject @Test annotated Method [f] with [class java.lang.String].
For more information on native dependency injection please refer to https://testng.org/doc/documentation-main.html#native-dependency-injection">
      <![CDATA[org.testng.TestNGException: 
Cannot inject @Test annotated Method [f] with [class java.lang.String].
For more information on native dependency injection please refer to https://testng.org/doc/documentation-main.html#native-dependency-injection
at java.base/java.util.ArrayList.forEach(ArrayList.java:1510)
... Removed 26 stack frames]]>
    </failure>
  </testcase> <!-- f -->
</testsuite> <!-- Test -->
